<?xml version="1.0" encoding="utf-8" standalone="no"?>
<test-results xmlns:xsi="http://www.w3.org/2001/XMLSchema-instance" xsi:noNamespaceSchemaLocation="nunit_schema_2.5.xsd" name="Pester" total="9" errors="0" failures="0" not-run="0" inconclusive="0" ignored="0" skipped="0" invalid="0" date="2018-06-06" time="23:43:14">
  <environment user="appveyor" machine-name="APPVEYOR-VM" cwd="C:\projects\hubot-dsc-resource" user-domain="APPVEYOR-VM" platform="Microsoft Windows Server 2012 R2 Datacenter|C:\windows|\Device\Harddisk0\Partition1" nunit-version="2.5.8.0" os-version="6.3.9600" clr-version="4.0.30319.42000" />
  <culture-info current-culture="en-US" current-uiculture="en-US" />
  <test-suite type="TestFixture" name="Pester" executed="True" result="Success" success="True" time="6.8377" asserts="0" description="Pester">
    <results>
      <test-suite type="TestFixture" name="C:\projects\hubot-dsc-resource\Tests\Hubot_MOF_Generation_Tests.ps1" executed="True" result="Success" success="True" time="6.8377" asserts="0" description="C:\projects\hubot-dsc-resource\Tests\Hubot_MOF_Generation_Tests.ps1">
        <results>
          <test-suite type="TestFixture" name="Hubot DSC Module - MOF Testing" executed="True" result="Success" success="True" time="6.8377" asserts="0" description="Hubot DSC Module - MOF Testing">
            <results>
              <test-suite type="TestFixture" name="Get-DSCResource" executed="True" result="Success" success="True" time="3.5522" asserts="0" description="Get-DSCResource">
                <results>
                  <test-case description="returns something" name="Hubot DSC Module - MOF Testing.Get-DSCResource.returns something" time="3.5132" asserts="0" success="True" result="Success" executed="True" />
                  <test-case description="contains resource HubotInstall" name="Hubot DSC Module - MOF Testing.Get-DSCResource.contains resource HubotInstall" time="0.0218" asserts="0" success="True" result="Success" executed="True" />
                  <test-case description="contains resource HubotInstallService" name="Hubot DSC Module - MOF Testing.Get-DSCResource.contains resource HubotInstallService" time="0.0078" asserts="0" success="True" result="Success" executed="True" />
                  <test-case description="contains resource HubotPrerequisites" name="Hubot DSC Module - MOF Testing.Get-DSCResource.contains resource HubotPrerequisites" time="0.0094" asserts="0" success="True" result="Success" executed="True" />
                </results>
              </test-suite>
              <test-suite type="TestFixture" name="Example dsc_configuration" executed="True" result="Success" success="True" time="3.2855" asserts="0" description="Example dsc_configuration">
                <results>
                  <test-case description="is valid powershell" name="Hubot DSC Module - MOF Testing.Example dsc_configuration.is valid powershell" time="0.3808" asserts="0" success="True" result="Success" executed="True" />
                  <test-case description="module version of InstallHubot.psd1 matches module version in .\DSCConfigurations\dsc_configuration.ps1" name="Hubot DSC Module - MOF Testing.Example dsc_configuration.module version of InstallHubot.psd1 matches module version in .\DSCConfigurations\dsc_configuration.ps1" time="0.4155" asserts="0" success="True" result="Success" executed="True" />
                  <test-case description="does not have a real api key" name="Hubot DSC Module - MOF Testing.Example dsc_configuration.does not have a real api key" time="0.0188" asserts="0" success="True" result="Success" executed="True" />
                  <test-case description="does not throw on mof generation" name="Hubot DSC Module - MOF Testing.Example dsc_configuration.does not throw on mof generation" time="2.3713" asserts="0" success="True" result="Success" executed="True" />
                  <test-case description="mof file is created on disk" name="Hubot DSC Module - MOF Testing.Example dsc_configuration.mof file is created on disk" time="0.0992" asserts="0" success="True" result="Success" executed="True" />
                </results>
              </test-suite>
            </results>
          </test-suite>
        </results>
      </test-suite>
    </results>
  </test-suite>
</test-results>