<?xml version="1.0" encoding="utf-8" standalone="no"?>
<test-results xmlns:xsi="http://www.w3.org/2001/XMLSchema-instance" xsi:noNamespaceSchemaLocation="nunit_schema_2.5.xsd" name="Pester" total="8" errors="0" failures="0" not-run="0" inconclusive="0" ignored="0" skipped="0" invalid="0" date="2018-06-06" time="23:43:03">
  <environment user="appveyor" machine-name="APPVEYOR-VM" cwd="C:\projects\hubot-dsc-resource" user-domain="APPVEYOR-VM" platform="Microsoft Windows Server 2012 R2 Datacenter|C:\windows|\Device\Harddisk0\Partition1" nunit-version="2.5.8.0" os-version="6.3.9600" clr-version="4.0.30319.42000" />
  <culture-info current-culture="en-US" current-uiculture="en-US" />
  <test-suite type="TestFixture" name="Pester" executed="True" result="Success" success="True" time="0.3639" asserts="0" description="Pester">
    <results>
      <test-suite type="TestFixture" name="C:\projects\hubot-dsc-resource\Tests\HubotInstallService_Unit_Tests.ps1" executed="True" result="Success" success="True" time="0.3639" asserts="0" description="C:\projects\hubot-dsc-resource\Tests\HubotInstallService_Unit_Tests.ps1">
        <results>
          <test-suite type="TestFixture" name="HubotInstallService" executed="True" result="Success" success="True" time="0.3639" asserts="0" description="HubotInstallService">
            <results>
              <test-suite type="TestFixture" name="Get" executed="True" result="Success" success="True" time="0.3639" asserts="0" description="Get">
                <results>
                  <test-case description="does not throw" name="HubotInstallService.Get.does not throw" time="0.2069" asserts="0" success="True" result="Success" executed="True" />
                  <test-case description="nssm cmds are propegated" name="HubotInstallService.Get.nssm cmds are propegated" time="0.02" asserts="0" success="True" result="Success" executed="True" />
                  <test-case description="hubot generates the correct logging path under the botpath" name="HubotInstallService.Get.hubot generates the correct logging path under the botpath" time="0.0253" asserts="0" success="True" result="Success" executed="True" />
                  <test-case description="nssm uses the correct log path when creating service" name="HubotInstallService.Get.nssm uses the correct log path when creating service" time="0.0114" asserts="0" success="True" result="Success" executed="True" />
                  <test-case description="nssm uses the correct errorlog path when creating service" name="HubotInstallService.Get.nssm uses the correct errorlog path when creating service" time="0.0374" asserts="0" success="True" result="Success" executed="True" />
                  <test-case description="nssm uses localsystem to create service when no credential passed" name="HubotInstallService.Get.nssm uses localsystem to create service when no credential passed" time="0.011" asserts="0" success="True" result="Success" executed="True" />
                  <test-case description="nssm uses credentials to create service when a is credential passed" name="HubotInstallService.Get.nssm uses credentials to create service when a is credential passed" time="0.0302" asserts="0" success="True" result="Success" executed="True" />
                  <test-case description="nsssm uses the user provided hubot adapater" name="HubotInstallService.Get.nsssm uses the user provided hubot adapater" time="0.0217" asserts="0" success="True" result="Success" executed="True" />
                </results>
              </test-suite>
            </results>
          </test-suite>
        </results>
      </test-suite>
    </results>
  </test-suite>
</test-results>